;  LST file generated by mikroListExporter - v.2.0 
; Date/Time: 5/8/2012 12:49:24 AM
;----------------------------------------------

;Address Opcode 	ASM
0x0000	0x29BE      	GOTO       446
_Delay_1us:
;__Lib_Delays.c,7 :: 		void Delay_1us() {
;__Lib_Delays.c,8 :: 		Delay_us(1);
0x0003	0x0000      	NOP
;__Lib_Delays.c,9 :: 		}
L_end_Delay_1us:
0x0004	0x0008      	RETURN
; end of _Delay_1us
__Lib_SoftI2C_PutZerosToLATSda:
;__Lib_SoftI2C.c,28 :: 		
;__Lib_SoftI2C.c,36 :: 		
0x0005	0x3007      	MOVLW      Soft_I2C_Sda
;__Lib_SoftI2C.c,37 :: 		
0x0006	0x0084      	MOVWF      FSR
;__Lib_SoftI2C.c,38 :: 		
0x0007	0x0800      	MOVF       INDF, 0
;__Lib_SoftI2C.c,39 :: 		
0x0008	0x0800      	MOVF       INDF, 0
0x0009	0x1283      	BCF        STATUS, 5
0x000A	0x1303      	BCF        STATUS, 6
0x000B	0x00F0      	MOVWF      R0
;__Lib_SoftI2C.c,41 :: 		
0x000C	0x1270      	BCF        R0, BitPos(Soft_I2C_Sda+0)
;__Lib_SoftI2C.c,43 :: 		
0x000D	0x0870      	MOVF       R0, 0
0x000E	0x0080      	MOVWF      INDF
;__Lib_SoftI2C.c,44 :: 		
L_end_PutZerosToLATSda:
0x000F	0x0008      	RETURN
; end of __Lib_SoftI2C_PutZerosToLATSda
__Lib_SoftI2C_PutZerosToLATScl:
;__Lib_SoftI2C.c,45 :: 		
;__Lib_SoftI2C.c,53 :: 		
0x0010	0x3007      	MOVLW      Soft_I2C_Scl
;__Lib_SoftI2C.c,54 :: 		
0x0011	0x0084      	MOVWF      FSR
;__Lib_SoftI2C.c,55 :: 		
0x0012	0x0800      	MOVF       INDF, 0
;__Lib_SoftI2C.c,56 :: 		
0x0013	0x0800      	MOVF       INDF, 0
0x0014	0x1283      	BCF        STATUS, 5
0x0015	0x1303      	BCF        STATUS, 6
0x0016	0x00F0      	MOVWF      R0
;__Lib_SoftI2C.c,59 :: 		
0x0017	0x11F0      	BCF        R0, BitPos(Soft_I2C_Scl+0)
;__Lib_SoftI2C.c,61 :: 		
0x0018	0x0870      	MOVF       R0, 0
0x0019	0x0080      	MOVWF      INDF
;__Lib_SoftI2C.c,62 :: 		
L_end_PutZerosToLATScl:
0x001A	0x0008      	RETURN
; end of __Lib_SoftI2C_PutZerosToLATScl
_Soft_I2C_Write:
;__Lib_SoftI2C.c,194 :: 		
;__Lib_SoftI2C.c,195 :: 		
0x001B	0x3001      	MOVLW      1
0x001C	0x1283      	BCF        STATUS, 5
0x001D	0x1303      	BCF        STATUS, 6
0x001E	0x00BA      	MOVWF      Soft_I2C_Write_result_L0
0x001F	0x3000      	MOVLW      0
0x0020	0x00BB      	MOVWF      Soft_I2C_Write_result_L0+1
;__Lib_SoftI2C.c,197 :: 		
0x0021	0x3080      	MOVLW      128
0x0022	0x00B8      	MOVWF      Soft_I2C_Write_temp_L0
0x0023	0x01B9      	CLRF       Soft_I2C_Write_temp_L0+1
;__Lib_SoftI2C.c,199 :: 		
L_Soft_I2C_Write16:
0x0024	0x0838      	MOVF       Soft_I2C_Write_temp_L0, 0
0x0025	0x0439      	IORWF      Soft_I2C_Write_temp_L0+1, 0
0x0026	0x1903      	BTFSC      STATUS, 2
0x0027	0x2851      	GOTO       L_Soft_I2C_Write17
;__Lib_SoftI2C.c,200 :: 		
0x0028	0x2003      	CALL       _Delay_1us
0x0029	0x2003      	CALL       _Delay_1us
;__Lib_SoftI2C.c,201 :: 		
0x002A	0x2003      	CALL       _Delay_1us
0x002B	0x2003      	CALL       _Delay_1us
;__Lib_SoftI2C.c,203 :: 		
0x002C	0x2010      	CALL       __Lib_SoftI2C_PutZerosToLATScl
;__Lib_SoftI2C.c,204 :: 		
0x002D	0x1683      	BSF        STATUS, 5
0x002E	0x1187      	BCF        Soft_I2C_Scl_Direction, BitPos(Soft_I2C_Scl_Direction+0)
;__Lib_SoftI2C.c,206 :: 		
0x002F	0x2003      	CALL       _Delay_1us
0x0030	0x2003      	CALL       _Delay_1us
;__Lib_SoftI2C.c,208 :: 		
0x0031	0x1283      	BCF        STATUS, 5
0x0032	0x0838      	MOVF       Soft_I2C_Write_temp_L0, 0
0x0033	0x0537      	ANDWF      FARG_Soft_I2C_Write_data_, 0
0x0034	0x00F0      	MOVWF      R0
0x0035	0x3000      	MOVLW      0
0x0036	0x0539      	ANDWF      Soft_I2C_Write_temp_L0+1, 0
0x0037	0x00F1      	MOVWF      R0+1
0x0038	0x0870      	MOVF       R0, 0
0x0039	0x0471      	IORWF      R0+1, 0
0x003A	0x1903      	BTFSC      STATUS, 2
0x003B	0x283F      	GOTO       L_Soft_I2C_Write18
;__Lib_SoftI2C.c,209 :: 		
0x003C	0x1683      	BSF        STATUS, 5
0x003D	0x1607      	BSF        Soft_I2C_Sda_Direction, BitPos(Soft_I2C_Sda_Direction+0)
;__Lib_SoftI2C.c,210 :: 		
0x003E	0x2842      	GOTO       L_Soft_I2C_Write19
L_Soft_I2C_Write18:
;__Lib_SoftI2C.c,212 :: 		
0x003F	0x2005      	CALL       __Lib_SoftI2C_PutZerosToLATSda
;__Lib_SoftI2C.c,213 :: 		
0x0040	0x1683      	BSF        STATUS, 5
0x0041	0x1207      	BCF        Soft_I2C_Sda_Direction, BitPos(Soft_I2C_Sda_Direction+0)
;__Lib_SoftI2C.c,214 :: 		
L_Soft_I2C_Write19:
;__Lib_SoftI2C.c,216 :: 		
0x0042	0x2003      	CALL       _Delay_1us
0x0043	0x2003      	CALL       _Delay_1us
;__Lib_SoftI2C.c,218 :: 		
0x0044	0x1587      	BSF        Soft_I2C_Scl_Direction, BitPos(Soft_I2C_Scl_Direction+0)
;__Lib_SoftI2C.c,220 :: 		
0x0045	0x1283      	BCF        STATUS, 5
0x0046	0x1034      	BCF        __Lib_SoftI2C___StopWaiting, BitPos(__Lib_SoftI2C___StopWaiting+0)
;__Lib_SoftI2C.c,221 :: 		
L_Soft_I2C_Write20:
0x0047	0x1987      	BTFSC      Soft_I2C_Scl, BitPos(Soft_I2C_Scl+0)
0x0048	0x284D      	GOTO       L_Soft_I2C_Write21
;__Lib_SoftI2C.c,222 :: 		
0x0049	0x1C34      	BTFSS      __Lib_SoftI2C___StopWaiting, BitPos(__Lib_SoftI2C___StopWaiting+0)
0x004A	0x284C      	GOTO       L_Soft_I2C_Write22
;__Lib_SoftI2C.c,223 :: 		
0x004B	0x284D      	GOTO       L_Soft_I2C_Write21
L_Soft_I2C_Write22:
0x004C	0x2847      	GOTO       L_Soft_I2C_Write20
L_Soft_I2C_Write21:
;__Lib_SoftI2C.c,225 :: 		
0x004D	0x0CB9      	RRF        Soft_I2C_Write_temp_L0+1, 1
0x004E	0x0CB8      	RRF        Soft_I2C_Write_temp_L0, 1
0x004F	0x13B9      	BCF        Soft_I2C_Write_temp_L0+1, 7
;__Lib_SoftI2C.c,226 :: 		
0x0050	0x2824      	GOTO       L_Soft_I2C_Write16
L_Soft_I2C_Write17:
;__Lib_SoftI2C.c,228 :: 		
0x0051	0x01BA      	CLRF       Soft_I2C_Write_result_L0
0x0052	0x01BB      	CLRF       Soft_I2C_Write_result_L0+1
;__Lib_SoftI2C.c,230 :: 		
0x0053	0x2003      	CALL       _Delay_1us
0x0054	0x2003      	CALL       _Delay_1us
;__Lib_SoftI2C.c,232 :: 		
0x0055	0x2010      	CALL       __Lib_SoftI2C_PutZerosToLATScl
;__Lib_SoftI2C.c,233 :: 		
0x0056	0x1683      	BSF        STATUS, 5
0x0057	0x1187      	BCF        Soft_I2C_Scl_Direction, BitPos(Soft_I2C_Scl_Direction+0)
;__Lib_SoftI2C.c,235 :: 		
0x0058	0x2003      	CALL       _Delay_1us
0x0059	0x2003      	CALL       _Delay_1us
;__Lib_SoftI2C.c,237 :: 		
0x005A	0x1607      	BSF        Soft_I2C_Sda_Direction, BitPos(Soft_I2C_Sda_Direction+0)
;__Lib_SoftI2C.c,239 :: 		
0x005B	0x2003      	CALL       _Delay_1us
0x005C	0x2003      	CALL       _Delay_1us
;__Lib_SoftI2C.c,240 :: 		
0x005D	0x2003      	CALL       _Delay_1us
0x005E	0x2003      	CALL       _Delay_1us
;__Lib_SoftI2C.c,242 :: 		
0x005F	0x1587      	BSF        Soft_I2C_Scl_Direction, BitPos(Soft_I2C_Scl_Direction+0)
;__Lib_SoftI2C.c,244 :: 		
0x0060	0x1283      	BCF        STATUS, 5
0x0061	0x1034      	BCF        __Lib_SoftI2C___StopWaiting, BitPos(__Lib_SoftI2C___StopWaiting+0)
;__Lib_SoftI2C.c,245 :: 		
L_Soft_I2C_Write23:
0x0062	0x1987      	BTFSC      Soft_I2C_Scl, BitPos(Soft_I2C_Scl+0)
0x0063	0x2868      	GOTO       L_Soft_I2C_Write24
;__Lib_SoftI2C.c,246 :: 		
0x0064	0x1C34      	BTFSS      __Lib_SoftI2C___StopWaiting, BitPos(__Lib_SoftI2C___StopWaiting+0)
0x0065	0x2867      	GOTO       L_Soft_I2C_Write25
;__Lib_SoftI2C.c,247 :: 		
0x0066	0x2868      	GOTO       L_Soft_I2C_Write24
L_Soft_I2C_Write25:
0x0067	0x2862      	GOTO       L_Soft_I2C_Write23
L_Soft_I2C_Write24:
;__Lib_SoftI2C.c,249 :: 		
0x0068	0x01BA      	CLRF       Soft_I2C_Write_result_L0
0x0069	0x01BB      	CLRF       Soft_I2C_Write_result_L0+1
;__Lib_SoftI2C.c,251 :: 		
0x006A	0x2003      	CALL       _Delay_1us
0x006B	0x2003      	CALL       _Delay_1us
;__Lib_SoftI2C.c,253 :: 		
0x006C	0x1E07      	BTFSS      Soft_I2C_Sda, BitPos(Soft_I2C_Sda+0)
0x006D	0x286F      	GOTO       L_Soft_I2C_Write26
;__Lib_SoftI2C.c,254 :: 		
0x006E	0x143A      	BSF        Soft_I2C_Write_result_L0, 0
L_Soft_I2C_Write26:
;__Lib_SoftI2C.c,256 :: 		
0x006F	0x2003      	CALL       _Delay_1us
0x0070	0x2003      	CALL       _Delay_1us
;__Lib_SoftI2C.c,257 :: 		
0x0071	0x2003      	CALL       _Delay_1us
0x0072	0x2003      	CALL       _Delay_1us
;__Lib_SoftI2C.c,258 :: 		
0x0073	0x2003      	CALL       _Delay_1us
0x0074	0x2003      	CALL       _Delay_1us
;__Lib_SoftI2C.c,259 :: 		
0x0075	0x2003      	CALL       _Delay_1us
0x0076	0x2003      	CALL       _Delay_1us
;__Lib_SoftI2C.c,260 :: 		
0x0077	0x2003      	CALL       _Delay_1us
0x0078	0x2003      	CALL       _Delay_1us
;__Lib_SoftI2C.c,261 :: 		
0x0079	0x2003      	CALL       _Delay_1us
0x007A	0x2003      	CALL       _Delay_1us
;__Lib_SoftI2C.c,262 :: 		
0x007B	0x2003      	CALL       _Delay_1us
0x007C	0x2003      	CALL       _Delay_1us
;__Lib_SoftI2C.c,263 :: 		
0x007D	0x2003      	CALL       _Delay_1us
0x007E	0x2003      	CALL       _Delay_1us
;__Lib_SoftI2C.c,265 :: 		
0x007F	0x2010      	CALL       __Lib_SoftI2C_PutZerosToLATScl
;__Lib_SoftI2C.c,266 :: 		
0x0080	0x1683      	BSF        STATUS, 5
0x0081	0x1187      	BCF        Soft_I2C_Scl_Direction, BitPos(Soft_I2C_Scl_Direction+0)
;__Lib_SoftI2C.c,267 :: 		
0x0082	0x2005      	CALL       __Lib_SoftI2C_PutZerosToLATSda
;__Lib_SoftI2C.c,268 :: 		
0x0083	0x1683      	BSF        STATUS, 5
0x0084	0x1207      	BCF        Soft_I2C_Sda_Direction, BitPos(Soft_I2C_Sda_Direction+0)
;__Lib_SoftI2C.c,270 :: 		
0x0085	0x1283      	BCF        STATUS, 5
0x0086	0x083A      	MOVF       Soft_I2C_Write_result_L0, 0
0x0087	0x00F0      	MOVWF      R0
;__Lib_SoftI2C.c,271 :: 		
L_end_Soft_I2C_Write:
0x0088	0x0008      	RETURN
; end of _Soft_I2C_Write
_Soft_I2C_Read:
;__Lib_SoftI2C.c,86 :: 		
;__Lib_SoftI2C.c,87 :: 		
0x0089	0x1283      	BCF        STATUS, 5
0x008A	0x1303      	BCF        STATUS, 6
0x008B	0x01B9      	CLRF       Soft_I2C_Read_result_L0
0x008C	0x01BA      	CLRF       Soft_I2C_Read_result_L0+1
0x008D	0x3080      	MOVLW      128
0x008E	0x00BB      	MOVWF      Soft_I2C_Read_temp_L0
0x008F	0x3000      	MOVLW      0
0x0090	0x00BC      	MOVWF      Soft_I2C_Read_temp_L0+1
;__Lib_SoftI2C.c,89 :: 		
L_Soft_I2C_Read3:
0x0091	0x083B      	MOVF       Soft_I2C_Read_temp_L0, 0
0x0092	0x043C      	IORWF      Soft_I2C_Read_temp_L0+1, 0
0x0093	0x1903      	BTFSC      STATUS, 2
0x0094	0x28B4      	GOTO       L_Soft_I2C_Read4
;__Lib_SoftI2C.c,90 :: 		
0x0095	0x2003      	CALL       _Delay_1us
0x0096	0x2003      	CALL       _Delay_1us
;__Lib_SoftI2C.c,92 :: 		
0x0097	0x1683      	BSF        STATUS, 5
0x0098	0x1607      	BSF        Soft_I2C_Sda_Direction, BitPos(Soft_I2C_Sda_Direction+0)
;__Lib_SoftI2C.c,94 :: 		
0x0099	0x2003      	CALL       _Delay_1us
0x009A	0x2003      	CALL       _Delay_1us
;__Lib_SoftI2C.c,96 :: 		
0x009B	0x1587      	BSF        Soft_I2C_Scl_Direction, BitPos(Soft_I2C_Scl_Direction+0)
;__Lib_SoftI2C.c,98 :: 		
0x009C	0x1283      	BCF        STATUS, 5
0x009D	0x1034      	BCF        __Lib_SoftI2C___StopWaiting, BitPos(__Lib_SoftI2C___StopWaiting+0)
;__Lib_SoftI2C.c,99 :: 		
L_Soft_I2C_Read5:
0x009E	0x1987      	BTFSC      Soft_I2C_Scl, BitPos(Soft_I2C_Scl+0)
0x009F	0x28A4      	GOTO       L_Soft_I2C_Read6
;__Lib_SoftI2C.c,100 :: 		
0x00A0	0x1C34      	BTFSS      __Lib_SoftI2C___StopWaiting, BitPos(__Lib_SoftI2C___StopWaiting+0)
0x00A1	0x28A3      	GOTO       L_Soft_I2C_Read7
;__Lib_SoftI2C.c,101 :: 		
0x00A2	0x28A4      	GOTO       L_Soft_I2C_Read6
L_Soft_I2C_Read7:
0x00A3	0x289E      	GOTO       L_Soft_I2C_Read5
L_Soft_I2C_Read6:
;__Lib_SoftI2C.c,103 :: 		
0x00A4	0x1E07      	BTFSS      Soft_I2C_Sda, BitPos(Soft_I2C_Sda+0)
0x00A5	0x28AA      	GOTO       L_Soft_I2C_Read8
;__Lib_SoftI2C.c,104 :: 		
0x00A6	0x083B      	MOVF       Soft_I2C_Read_temp_L0, 0
0x00A7	0x04B9      	IORWF      Soft_I2C_Read_result_L0, 1
0x00A8	0x083C      	MOVF       Soft_I2C_Read_temp_L0+1, 0
0x00A9	0x04BA      	IORWF      Soft_I2C_Read_result_L0+1, 1
L_Soft_I2C_Read8:
;__Lib_SoftI2C.c,106 :: 		
0x00AA	0x2003      	CALL       _Delay_1us
0x00AB	0x2003      	CALL       _Delay_1us
;__Lib_SoftI2C.c,108 :: 		
0x00AC	0x2010      	CALL       __Lib_SoftI2C_PutZerosToLATScl
;__Lib_SoftI2C.c,109 :: 		
0x00AD	0x1683      	BSF        STATUS, 5
0x00AE	0x1187      	BCF        Soft_I2C_Scl_Direction, BitPos(Soft_I2C_Scl_Direction+0)
;__Lib_SoftI2C.c,111 :: 		
0x00AF	0x1283      	BCF        STATUS, 5
0x00B0	0x0CBC      	RRF        Soft_I2C_Read_temp_L0+1, 1
0x00B1	0x0CBB      	RRF        Soft_I2C_Read_temp_L0, 1
0x00B2	0x13BC      	BCF        Soft_I2C_Read_temp_L0+1, 7
;__Lib_SoftI2C.c,112 :: 		
0x00B3	0x2891      	GOTO       L_Soft_I2C_Read3
L_Soft_I2C_Read4:
;__Lib_SoftI2C.c,114 :: 		
0x00B4	0x1683      	BSF        STATUS, 5
0x00B5	0x1607      	BSF        Soft_I2C_Sda_Direction, BitPos(Soft_I2C_Sda_Direction+0)
;__Lib_SoftI2C.c,116 :: 		
0x00B6	0x2003      	CALL       _Delay_1us
0x00B7	0x2003      	CALL       _Delay_1us
;__Lib_SoftI2C.c,118 :: 		
0x00B8	0x1283      	BCF        STATUS, 5
0x00B9	0x0837      	MOVF       FARG_Soft_I2C_Read_ack, 0
0x00BA	0x0438      	IORWF      FARG_Soft_I2C_Read_ack+1, 0
0x00BB	0x1903      	BTFSC      STATUS, 2
0x00BC	0x28C0      	GOTO       L_Soft_I2C_Read9
;__Lib_SoftI2C.c,119 :: 		
0x00BD	0x2005      	CALL       __Lib_SoftI2C_PutZerosToLATSda
;__Lib_SoftI2C.c,120 :: 		
0x00BE	0x1683      	BSF        STATUS, 5
0x00BF	0x1207      	BCF        Soft_I2C_Sda_Direction, BitPos(Soft_I2C_Sda_Direction+0)
;__Lib_SoftI2C.c,121 :: 		
L_Soft_I2C_Read9:
0x00C0	0x1683      	BSF        STATUS, 5
;__Lib_SoftI2C.c,123 :: 		
0x00C1	0x2003      	CALL       _Delay_1us
0x00C2	0x2003      	CALL       _Delay_1us
;__Lib_SoftI2C.c,125 :: 		
0x00C3	0x1587      	BSF        Soft_I2C_Scl_Direction, BitPos(Soft_I2C_Scl_Direction+0)
;__Lib_SoftI2C.c,127 :: 		
0x00C4	0x1283      	BCF        STATUS, 5
0x00C5	0x1034      	BCF        __Lib_SoftI2C___StopWaiting, BitPos(__Lib_SoftI2C___StopWaiting+0)
;__Lib_SoftI2C.c,128 :: 		
L_Soft_I2C_Read10:
0x00C6	0x1987      	BTFSC      Soft_I2C_Scl, BitPos(Soft_I2C_Scl+0)
0x00C7	0x28CC      	GOTO       L_Soft_I2C_Read11
;__Lib_SoftI2C.c,129 :: 		
0x00C8	0x1C34      	BTFSS      __Lib_SoftI2C___StopWaiting, BitPos(__Lib_SoftI2C___StopWaiting+0)
0x00C9	0x28CB      	GOTO       L_Soft_I2C_Read12
;__Lib_SoftI2C.c,130 :: 		
0x00CA	0x28CC      	GOTO       L_Soft_I2C_Read11
L_Soft_I2C_Read12:
0x00CB	0x28C6      	GOTO       L_Soft_I2C_Read10
L_Soft_I2C_Read11:
;__Lib_SoftI2C.c,132 :: 		
0x00CC	0x2003      	CALL       _Delay_1us
0x00CD	0x2003      	CALL       _Delay_1us
;__Lib_SoftI2C.c,134 :: 		
0x00CE	0x2010      	CALL       __Lib_SoftI2C_PutZerosToLATScl
;__Lib_SoftI2C.c,135 :: 		
0x00CF	0x1683      	BSF        STATUS, 5
0x00D0	0x1187      	BCF        Soft_I2C_Scl_Direction, BitPos(Soft_I2C_Scl_Direction+0)
;__Lib_SoftI2C.c,137 :: 		
0x00D1	0x2003      	CALL       _Delay_1us
0x00D2	0x2003      	CALL       _Delay_1us
;__Lib_SoftI2C.c,139 :: 		
0x00D3	0x2005      	CALL       __Lib_SoftI2C_PutZerosToLATSda
;__Lib_SoftI2C.c,140 :: 		
0x00D4	0x1683      	BSF        STATUS, 5
0x00D5	0x1207      	BCF        Soft_I2C_Sda_Direction, BitPos(Soft_I2C_Sda_Direction+0)
;__Lib_SoftI2C.c,142 :: 		
0x00D6	0x1283      	BCF        STATUS, 5
0x00D7	0x0839      	MOVF       Soft_I2C_Read_result_L0, 0
0x00D8	0x00F0      	MOVWF      R0
;__Lib_SoftI2C.c,143 :: 		
L_end_Soft_I2C_Read:
0x00D9	0x0008      	RETURN
; end of _Soft_I2C_Read
_____DoICP:
;__Lib_System.c,6 :: 		
;__Lib_System.c,9 :: 		
0x00DA	0x1283      	BCF        STATUS, 5
0x00DB	0x1303      	BCF        STATUS, 6
0x00DC	0x0833      	MOVF       ___DoICPAddr+1, 0
0x00DD	0x008A      	MOVWF      PCLATH
;__Lib_System.c,10 :: 		
0x00DE	0x0832      	MOVF       ___DoICPAddr, 0
0x00DF	0x0082      	MOVWF      PCL
;__Lib_System.c,12 :: 		
L_end_____DoICP:
0x00E0	0x0008      	RETURN
; end of _____DoICP
_Soft_I2C_Start:
;__Lib_SoftI2C.c,147 :: 		
;__Lib_SoftI2C.c,148 :: 		
0x00E1	0x1683      	BSF        STATUS, 5
0x00E2	0x1303      	BCF        STATUS, 6
0x00E3	0x1607      	BSF        Soft_I2C_Sda_Direction, BitPos(Soft_I2C_Sda_Direction+0)
;__Lib_SoftI2C.c,150 :: 		
0x00E4	0x2003      	CALL       _Delay_1us
0x00E5	0x2003      	CALL       _Delay_1us
;__Lib_SoftI2C.c,152 :: 		
0x00E6	0x1587      	BSF        Soft_I2C_Scl_Direction, BitPos(Soft_I2C_Scl_Direction+0)
;__Lib_SoftI2C.c,154 :: 		
0x00E7	0x2003      	CALL       _Delay_1us
0x00E8	0x2003      	CALL       _Delay_1us
;__Lib_SoftI2C.c,156 :: 		
0x00E9	0x2005      	CALL       __Lib_SoftI2C_PutZerosToLATSda
;__Lib_SoftI2C.c,157 :: 		
0x00EA	0x1683      	BSF        STATUS, 5
0x00EB	0x1207      	BCF        Soft_I2C_Sda_Direction, BitPos(Soft_I2C_Sda_Direction+0)
;__Lib_SoftI2C.c,159 :: 		
0x00EC	0x2003      	CALL       _Delay_1us
0x00ED	0x2003      	CALL       _Delay_1us
;__Lib_SoftI2C.c,161 :: 		
0x00EE	0x2010      	CALL       __Lib_SoftI2C_PutZerosToLATScl
;__Lib_SoftI2C.c,162 :: 		
0x00EF	0x1683      	BSF        STATUS, 5
0x00F0	0x1187      	BCF        Soft_I2C_Scl_Direction, BitPos(Soft_I2C_Scl_Direction+0)
;__Lib_SoftI2C.c,165 :: 		
L_end_Soft_I2C_Start:
0x00F1	0x0008      	RETURN
; end of _Soft_I2C_Start
_Soft_I2C_Init:
;__Lib_SoftI2C.c,69 :: 		
;__Lib_SoftI2C.c,75 :: 		
0x00F2	0x1683      	BSF        STATUS, 5
0x00F3	0x1303      	BCF        STATUS, 6
0x00F4	0x1587      	BSF        Soft_I2C_Scl_Direction, BitPos(Soft_I2C_Scl_Direction+0)
;__Lib_SoftI2C.c,76 :: 		
0x00F5	0x1607      	BSF        Soft_I2C_Sda_Direction, BitPos(Soft_I2C_Sda_Direction+0)
;__Lib_SoftI2C.c,78 :: 		
0x00F6	0x1283      	BCF        STATUS, 5
0x00F7	0x1034      	BCF        __Lib_SoftI2C___StopWaiting, BitPos(__Lib_SoftI2C___StopWaiting+0)
;__Lib_SoftI2C.c,79 :: 		
L_Soft_I2C_Init0:
0x00F8	0x1987      	BTFSC      Soft_I2C_Scl, BitPos(Soft_I2C_Scl+0)
0x00F9	0x28FE      	GOTO       L_Soft_I2C_Init1
;__Lib_SoftI2C.c,80 :: 		
0x00FA	0x1C34      	BTFSS      __Lib_SoftI2C___StopWaiting, BitPos(__Lib_SoftI2C___StopWaiting+0)
0x00FB	0x28FD      	GOTO       L_Soft_I2C_Init2
;__Lib_SoftI2C.c,81 :: 		
0x00FC	0x28FE      	GOTO       L_Soft_I2C_Init1
L_Soft_I2C_Init2:
0x00FD	0x28F8      	GOTO       L_Soft_I2C_Init0
L_Soft_I2C_Init1:
;__Lib_SoftI2C.c,83 :: 		
L_end_Soft_I2C_Init:
0x00FE	0x0008      	RETURN
; end of _Soft_I2C_Init
_Soft_I2C_Stop:
;__Lib_SoftI2C.c,168 :: 		
;__Lib_SoftI2C.c,170 :: 		
0x00FF	0x2005      	CALL       __Lib_SoftI2C_PutZerosToLATSda
;__Lib_SoftI2C.c,171 :: 		
0x0100	0x1683      	BSF        STATUS, 5
0x0101	0x1207      	BCF        Soft_I2C_Sda_Direction, BitPos(Soft_I2C_Sda_Direction+0)
;__Lib_SoftI2C.c,173 :: 		
0x0102	0x2003      	CALL       _Delay_1us
0x0103	0x2003      	CALL       _Delay_1us
;__Lib_SoftI2C.c,175 :: 		
0x0104	0x1587      	BSF        Soft_I2C_Scl_Direction, BitPos(Soft_I2C_Scl_Direction+0)
;__Lib_SoftI2C.c,177 :: 		
0x0105	0x1283      	BCF        STATUS, 5
0x0106	0x1034      	BCF        __Lib_SoftI2C___StopWaiting, BitPos(__Lib_SoftI2C___StopWaiting+0)
;__Lib_SoftI2C.c,178 :: 		
L_Soft_I2C_Stop13:
0x0107	0x1987      	BTFSC      Soft_I2C_Scl, BitPos(Soft_I2C_Scl+0)
0x0108	0x290D      	GOTO       L_Soft_I2C_Stop14
;__Lib_SoftI2C.c,179 :: 		
0x0109	0x1C34      	BTFSS      __Lib_SoftI2C___StopWaiting, BitPos(__Lib_SoftI2C___StopWaiting+0)
0x010A	0x290C      	GOTO       L_Soft_I2C_Stop15
;__Lib_SoftI2C.c,180 :: 		
0x010B	0x290D      	GOTO       L_Soft_I2C_Stop14
L_Soft_I2C_Stop15:
0x010C	0x2907      	GOTO       L_Soft_I2C_Stop13
L_Soft_I2C_Stop14:
;__Lib_SoftI2C.c,182 :: 		
0x010D	0x2003      	CALL       _Delay_1us
0x010E	0x2003      	CALL       _Delay_1us
;__Lib_SoftI2C.c,183 :: 		
0x010F	0x2003      	CALL       _Delay_1us
0x0110	0x2003      	CALL       _Delay_1us
;__Lib_SoftI2C.c,184 :: 		
0x0111	0x2003      	CALL       _Delay_1us
0x0112	0x2003      	CALL       _Delay_1us
;__Lib_SoftI2C.c,185 :: 		
0x0113	0x2003      	CALL       _Delay_1us
0x0114	0x2003      	CALL       _Delay_1us
;__Lib_SoftI2C.c,187 :: 		
0x0115	0x1683      	BSF        STATUS, 5
0x0116	0x1607      	BSF        Soft_I2C_Sda_Direction, BitPos(Soft_I2C_Sda_Direction+0)
;__Lib_SoftI2C.c,189 :: 		
0x0117	0x2003      	CALL       _Delay_1us
0x0118	0x2003      	CALL       _Delay_1us
;__Lib_SoftI2C.c,190 :: 		
L_end_Soft_I2C_Stop:
0x0119	0x0008      	RETURN
; end of _Soft_I2C_Stop
_EEPROM_24C512_WrSingle:
;counter4.c,61 :: 		void EEPROM_24C512_WrSingle(unsigned char wAddr, unsigned short wData)
;counter4.c,63 :: 		soft_I2C_Start();
0x011A	0x20E1      	CALL       _Soft_I2C_Start
;counter4.c,65 :: 		while(soft_I2C_Write(0xA0)!=0) soft_I2C_Start();
L_EEPROM_24C512_WrSingle19:
0x011B	0x30A0      	MOVLW      160
0x011C	0x1283      	BCF        STATUS, 5
0x011D	0x00B7      	MOVWF      FARG_Soft_I2C_Write_data_
0x011E	0x201B      	CALL       _Soft_I2C_Write
0x011F	0x0870      	MOVF       R0, 0
0x0120	0x3A00      	XORLW      0
0x0121	0x1903      	BTFSC      STATUS, 2
0x0122	0x2925      	GOTO       L_EEPROM_24C512_WrSingle20
0x0123	0x20E1      	CALL       _Soft_I2C_Start
0x0124	0x291B      	GOTO       L_EEPROM_24C512_WrSingle19
L_EEPROM_24C512_WrSingle20:
;counter4.c,68 :: 		while(soft_I2C_Write(wAddr)!=0);
L_EEPROM_24C512_WrSingle21:
0x0125	0x1283      	BCF        STATUS, 5
0x0126	0x0835      	MOVF       FARG_EEPROM_24C512_WrSingle_wAddr, 0
0x0127	0x00B7      	MOVWF      FARG_Soft_I2C_Write_data_
0x0128	0x201B      	CALL       _Soft_I2C_Write
0x0129	0x0870      	MOVF       R0, 0
0x012A	0x3A00      	XORLW      0
0x012B	0x1903      	BTFSC      STATUS, 2
0x012C	0x292E      	GOTO       L_EEPROM_24C512_WrSingle22
0x012D	0x2925      	GOTO       L_EEPROM_24C512_WrSingle21
L_EEPROM_24C512_WrSingle22:
;counter4.c,70 :: 		while(soft_I2C_Write(wData)!=0);
L_EEPROM_24C512_WrSingle23:
0x012E	0x0836      	MOVF       FARG_EEPROM_24C512_WrSingle_wData, 0
0x012F	0x00B7      	MOVWF      FARG_Soft_I2C_Write_data_
0x0130	0x201B      	CALL       _Soft_I2C_Write
0x0131	0x0870      	MOVF       R0, 0
0x0132	0x3A00      	XORLW      0
0x0133	0x1903      	BTFSC      STATUS, 2
0x0134	0x2936      	GOTO       L_EEPROM_24C512_WrSingle24
0x0135	0x292E      	GOTO       L_EEPROM_24C512_WrSingle23
L_EEPROM_24C512_WrSingle24:
;counter4.c,72 :: 		soft_I2C_Stop();
0x0136	0x20FF      	CALL       _Soft_I2C_Stop
;counter4.c,74 :: 		}
L_end_EEPROM_24C512_WrSingle:
0x0137	0x0008      	RETURN
; end of _EEPROM_24C512_WrSingle
_EEPROM_24C512_RdSingle:
;counter4.c,76 :: 		unsigned short EEPROM_24C512_RdSingle(unsigned char rAddr)
;counter4.c,79 :: 		soft_I2C_Start();
0x0138	0x20E1      	CALL       _Soft_I2C_Start
;counter4.c,80 :: 		while(soft_I2C_Write(0xA0)!=0) soft_I2C_Start();
L_EEPROM_24C512_RdSingle25:
0x0139	0x30A0      	MOVLW      160
0x013A	0x1283      	BCF        STATUS, 5
0x013B	0x00B7      	MOVWF      FARG_Soft_I2C_Write_data_
0x013C	0x201B      	CALL       _Soft_I2C_Write
0x013D	0x0870      	MOVF       R0, 0
0x013E	0x3A00      	XORLW      0
0x013F	0x1903      	BTFSC      STATUS, 2
0x0140	0x2943      	GOTO       L_EEPROM_24C512_RdSingle26
0x0141	0x20E1      	CALL       _Soft_I2C_Start
0x0142	0x2939      	GOTO       L_EEPROM_24C512_RdSingle25
L_EEPROM_24C512_RdSingle26:
;counter4.c,83 :: 		soft_I2C_Write(rAddr);
0x0143	0x1283      	BCF        STATUS, 5
0x0144	0x0835      	MOVF       FARG_EEPROM_24C512_RdSingle_rAddr, 0
0x0145	0x00B7      	MOVWF      FARG_Soft_I2C_Write_data_
0x0146	0x201B      	CALL       _Soft_I2C_Write
;counter4.c,85 :: 		soft_I2C_Start();
0x0147	0x20E1      	CALL       _Soft_I2C_Start
;counter4.c,86 :: 		soft_I2C_Write(0xA1);
0x0148	0x30A1      	MOVLW      161
0x0149	0x1283      	BCF        STATUS, 5
0x014A	0x00B7      	MOVWF      FARG_Soft_I2C_Write_data_
0x014B	0x201B      	CALL       _Soft_I2C_Write
;counter4.c,89 :: 		reslt = soft_I2C_Read(0);
0x014C	0x01B7      	CLRF       FARG_Soft_I2C_Read_ack
0x014D	0x01B8      	CLRF       FARG_Soft_I2C_Read_ack+1
0x014E	0x2089      	CALL       _Soft_I2C_Read
0x014F	0x0870      	MOVF       R0, 0
0x0150	0x00B6      	MOVWF      EEPROM_24C512_RdSingle_reslt_L0
;counter4.c,92 :: 		soft_I2C_Stop();
0x0151	0x20FF      	CALL       _Soft_I2C_Stop
;counter4.c,94 :: 		return reslt;
0x0152	0x1283      	BCF        STATUS, 5
0x0153	0x0836      	MOVF       EEPROM_24C512_RdSingle_reslt_L0, 0
0x0154	0x00F0      	MOVWF      R0
;counter4.c,95 :: 		}
L_end_EEPROM_24C512_RdSingle:
0x0155	0x0008      	RETURN
; end of _EEPROM_24C512_RdSingle
_get_digit:
;counter4.c,12 :: 		char get_digit(char _data)
;counter4.c,14 :: 		if (_data==0)
0x0156	0x1283      	BCF        STATUS, 5
0x0157	0x1303      	BCF        STATUS, 6
0x0158	0x0835      	MOVF       FARG_get_digit__data, 0
0x0159	0x3A00      	XORLW      0
0x015A	0x1D03      	BTFSS      STATUS, 2
0x015B	0x295F      	GOTO       L_get_digit0
;counter4.c,16 :: 		return display [0];
0x015C	0x0820      	MOVF       _display, 0
0x015D	0x00F0      	MOVWF      R0
0x015E	0x299E      	GOTO       L_end_get_digit
;counter4.c,17 :: 		}
L_get_digit0:
;counter4.c,18 :: 		else if(_data==1)
0x015F	0x0835      	MOVF       FARG_get_digit__data, 0
0x0160	0x3A01      	XORLW      1
0x0161	0x1D03      	BTFSS      STATUS, 2
0x0162	0x2966      	GOTO       L_get_digit2
;counter4.c,20 :: 		return display [1];
0x0163	0x0821      	MOVF       _display+1, 0
0x0164	0x00F0      	MOVWF      R0
0x0165	0x299E      	GOTO       L_end_get_digit
;counter4.c,21 :: 		}
L_get_digit2:
;counter4.c,22 :: 		else if(_data==2)
0x0166	0x0835      	MOVF       FARG_get_digit__data, 0
0x0167	0x3A02      	XORLW      2
0x0168	0x1D03      	BTFSS      STATUS, 2
0x0169	0x296D      	GOTO       L_get_digit4
;counter4.c,24 :: 		return display [2];
0x016A	0x0822      	MOVF       _display+2, 0
0x016B	0x00F0      	MOVWF      R0
0x016C	0x299E      	GOTO       L_end_get_digit
;counter4.c,25 :: 		}
L_get_digit4:
;counter4.c,26 :: 		else if(_data==3)
0x016D	0x0835      	MOVF       FARG_get_digit__data, 0
0x016E	0x3A03      	XORLW      3
0x016F	0x1D03      	BTFSS      STATUS, 2
0x0170	0x2974      	GOTO       L_get_digit6
;counter4.c,28 :: 		return display [3];
0x0171	0x0823      	MOVF       _display+3, 0
0x0172	0x00F0      	MOVWF      R0
0x0173	0x299E      	GOTO       L_end_get_digit
;counter4.c,29 :: 		}
L_get_digit6:
;counter4.c,30 :: 		else if(_data==4)
0x0174	0x0835      	MOVF       FARG_get_digit__data, 0
0x0175	0x3A04      	XORLW      4
0x0176	0x1D03      	BTFSS      STATUS, 2
0x0177	0x297B      	GOTO       L_get_digit8
;counter4.c,32 :: 		return display [4];
0x0178	0x0824      	MOVF       _display+4, 0
0x0179	0x00F0      	MOVWF      R0
0x017A	0x299E      	GOTO       L_end_get_digit
;counter4.c,33 :: 		}
L_get_digit8:
;counter4.c,34 :: 		else if(_data==5)
0x017B	0x0835      	MOVF       FARG_get_digit__data, 0
0x017C	0x3A05      	XORLW      5
0x017D	0x1D03      	BTFSS      STATUS, 2
0x017E	0x2982      	GOTO       L_get_digit10
;counter4.c,36 :: 		return display [5];
0x017F	0x0825      	MOVF       _display+5, 0
0x0180	0x00F0      	MOVWF      R0
0x0181	0x299E      	GOTO       L_end_get_digit
;counter4.c,37 :: 		}
L_get_digit10:
;counter4.c,38 :: 		else if(_data==6)
0x0182	0x0835      	MOVF       FARG_get_digit__data, 0
0x0183	0x3A06      	XORLW      6
0x0184	0x1D03      	BTFSS      STATUS, 2
0x0185	0x2989      	GOTO       L_get_digit12
;counter4.c,40 :: 		return display [6];
0x0186	0x0826      	MOVF       _display+6, 0
0x0187	0x00F0      	MOVWF      R0
0x0188	0x299E      	GOTO       L_end_get_digit
;counter4.c,41 :: 		}
L_get_digit12:
;counter4.c,42 :: 		else if(_data==7)
0x0189	0x0835      	MOVF       FARG_get_digit__data, 0
0x018A	0x3A07      	XORLW      7
0x018B	0x1D03      	BTFSS      STATUS, 2
0x018C	0x2990      	GOTO       L_get_digit14
;counter4.c,44 :: 		return display [7];
0x018D	0x0827      	MOVF       _display+7, 0
0x018E	0x00F0      	MOVWF      R0
0x018F	0x299E      	GOTO       L_end_get_digit
;counter4.c,45 :: 		}
L_get_digit14:
;counter4.c,46 :: 		else if(_data==8)
0x0190	0x0835      	MOVF       FARG_get_digit__data, 0
0x0191	0x3A08      	XORLW      8
0x0192	0x1D03      	BTFSS      STATUS, 2
0x0193	0x2997      	GOTO       L_get_digit16
;counter4.c,48 :: 		return display [8];
0x0194	0x0828      	MOVF       _display+8, 0
0x0195	0x00F0      	MOVWF      R0
0x0196	0x299E      	GOTO       L_end_get_digit
;counter4.c,49 :: 		}
L_get_digit16:
;counter4.c,50 :: 		else if(_data==9)
0x0197	0x0835      	MOVF       FARG_get_digit__data, 0
0x0198	0x3A09      	XORLW      9
0x0199	0x1D03      	BTFSS      STATUS, 2
0x019A	0x299E      	GOTO       L_get_digit18
;counter4.c,52 :: 		return display [9];
0x019B	0x0829      	MOVF       _display+9, 0
0x019C	0x00F0      	MOVWF      R0
0x019D	0x299E      	GOTO       L_end_get_digit
;counter4.c,53 :: 		}
L_get_digit18:
;counter4.c,54 :: 		}
L_end_get_digit:
0x019E	0x0008      	RETURN
; end of _get_digit
_EEPRom_init:
;counter4.c,56 :: 		void EEPRom_init(){
;counter4.c,57 :: 		soft_I2C_Init();
0x019F	0x20F2      	CALL       _Soft_I2C_Init
;counter4.c,58 :: 		}
L_end_EEPRom_init:
0x01A0	0x0008      	RETURN
; end of _EEPRom_init
_Div_8x8_U:
;__Lib_Math.c,189 :: 		
;__Lib_Math.c,196 :: 		
0x01A1	0x1283      	BCF        STATUS, 5
;__Lib_Math.c,197 :: 		
0x01A2	0x1303      	BCF        STATUS, 6
;__Lib_Math.c,198 :: 		
0x01A3	0x01F8      	CLRF       R8
;__Lib_Math.c,199 :: 		
0x01A4	0x3008      	MOVLW      8
;__Lib_Math.c,200 :: 		
0x01A5	0x00FC      	MOVWF      R12
;__Lib_Math.c,201 :: 		
0x01A6	0x0D70      	RLF        R0, 0
;__Lib_Math.c,202 :: 		
0x01A7	0x0DF8      	RLF        R8, 1
;__Lib_Math.c,203 :: 		
0x01A8	0x0874      	MOVF       R4, 0
;__Lib_Math.c,204 :: 		
0x01A9	0x02F8      	SUBWF      R8, 1
;__Lib_Math.c,205 :: 		
0x01AA	0x1803      	BTFSC      STATUS, 0
;__Lib_Math.c,206 :: 		
0x01AB	0x29AE      	GOTO       $+3
;__Lib_Math.c,207 :: 		
0x01AC	0x07F8      	ADDWF      R8, 1
;__Lib_Math.c,208 :: 		
0x01AD	0x1003      	BCF        STATUS, 0
;__Lib_Math.c,209 :: 		
0x01AE	0x0DF0      	RLF        R0, 1
;__Lib_Math.c,210 :: 		
0x01AF	0x0BFC      	DECFSZ     R12, 1
;__Lib_Math.c,211 :: 		
0x01B0	0x29A6      	GOTO       $-10
;__Lib_Math.c,213 :: 		
L_end_Div_8x8_U:
0x01B1	0x0008      	RETURN
; end of _Div_8x8_U
___CC2DW:
;__Lib_System.c,134 :: 		
;__Lib_System.c,137 :: 		
_CC2D_Loop1:
;__Lib_System.c,139 :: 		
0x01B2	0x20DA      	CALL       _____DoICP
0x01B3	0x118A      	BCF        PCLATH, 3
0x01B4	0x120A      	BCF        PCLATH, 4
;__Lib_System.c,141 :: 		
0x01B5	0x0080      	MOVWF      INDF
;__Lib_System.c,142 :: 		
0x01B6	0x0A84      	INCF       FSR, 1
;__Lib_System.c,143 :: 		
0x01B7	0x0AB2      	INCF       ___DoICPAddr, 1
;__Lib_System.c,145 :: 		
0x01B8	0x1903      	BTFSC      STATUS, 2
;__Lib_System.c,146 :: 		
0x01B9	0x0AB3      	INCF       ___DoICPAddr+1, 1
;__Lib_System.c,147 :: 		
0x01BA	0x03F0      	DECF       R0, 1
;__Lib_System.c,149 :: 		
0x01BB	0x1D03      	BTFSS      STATUS, 2
;__Lib_System.c,150 :: 		
0x01BC	0x29B2      	GOTO       _CC2D_Loop1
;__Lib_System.c,152 :: 		
L_end___CC2DW:
0x01BD	0x0008      	RETURN
; end of ___CC2DW
_main:
0x01BE	0x30FB      	MOVLW      251
0x01BF	0x1283      	BCF        STATUS, 5
0x01C0	0x1303      	BCF        STATUS, 6
0x01C1	0x00A0      	MOVWF      _display
0x01C2	0x3018      	MOVLW      24
0x01C3	0x00A1      	MOVWF      33
0x01C4	0x30ED      	MOVLW      237
0x01C5	0x00A2      	MOVWF      34
0x01C6	0x30BD      	MOVLW      189
0x01C7	0x00A3      	MOVWF      35
0x01C8	0x301E      	MOVLW      30
0x01C9	0x00A4      	MOVWF      36
0x01CA	0x30B7      	MOVLW      183
0x01CB	0x00A5      	MOVWF      37
0x01CC	0x30F7      	MOVLW      247
0x01CD	0x00A6      	MOVWF      38
0x01CE	0x3099      	MOVLW      153
0x01CF	0x00A7      	MOVWF      39
0x01D0	0x30FF      	MOVLW      255
0x01D1	0x00A8      	MOVWF      40
0x01D2	0x30BF      	MOVLW      191
0x01D3	0x00A9      	MOVWF      41
0x01D4	0x01AA      	CLRF       _hours
0x01D5	0x01AB      	CLRF       _button_flag
0x01D6	0x01AC      	CLRF       _mm1
0x01D7	0x01AD      	CLRF       _i
0x01D8	0x01AE      	CLRF       _hh0
0x01D9	0x01AF      	CLRF       _minutes
0x01DA	0x01B0      	CLRF       _mm0
0x01DB	0x01B1      	CLRF       _hh1
;counter4.c,97 :: 		void main(){
;counter4.c,98 :: 		TRISA = 0;
0x01DC	0x1683      	BSF        STATUS, 5
0x01DD	0x0185      	CLRF       TRISA
;counter4.c,99 :: 		TRISB = 0;
0x01DE	0x0186      	CLRF       TRISB
;counter4.c,100 :: 		TRISC = 0;
0x01DF	0x0187      	CLRF       TRISC
;counter4.c,101 :: 		PORTC = 0;
0x01E0	0x1283      	BCF        STATUS, 5
0x01E1	0x0187      	CLRF       PORTC
;counter4.c,102 :: 		PORTA = 0;
0x01E2	0x0185      	CLRF       PORTA
;counter4.c,103 :: 		TRISC = 0x07;                                // set RC1 pin as input
0x01E3	0x3007      	MOVLW      7
0x01E4	0x1683      	BSF        STATUS, 5
0x01E5	0x0087      	MOVWF      TRISC
;counter4.c,105 :: 		EEPRom_init();
0x01E6	0x219F      	CALL       _EEPRom_init
;counter4.c,106 :: 		delay_ms(10);
0x01E7	0x300D      	MOVLW      13
0x01E8	0x00FC      	MOVWF      R12
0x01E9	0x30FB      	MOVLW      251
0x01EA	0x00FD      	MOVWF      R13
L_main27:
0x01EB	0x0BFD      	DECFSZ     R13, 1
0x01EC	0x29EB      	GOTO       L_main27
0x01ED	0x0BFC      	DECFSZ     R12, 1
0x01EE	0x29EB      	GOTO       L_main27
0x01EF	0x0000      	NOP
0x01F0	0x0000      	NOP
;counter4.c,115 :: 		hours = EEPROM_24C512_RdSingle(10);
0x01F1	0x300A      	MOVLW      10
0x01F2	0x00B5      	MOVWF      FARG_EEPROM_24C512_RdSingle_rAddr
0x01F3	0x2138      	CALL       _EEPROM_24C512_RdSingle
0x01F4	0x0870      	MOVF       R0, 0
0x01F5	0x00AA      	MOVWF      _hours
;counter4.c,116 :: 		minutes = EEPROM_24C512_RdSingle(2);
0x01F6	0x3002      	MOVLW      2
0x01F7	0x00B5      	MOVWF      FARG_EEPROM_24C512_RdSingle_rAddr
0x01F8	0x2138      	CALL       _EEPROM_24C512_RdSingle
0x01F9	0x0870      	MOVF       R0, 0
0x01FA	0x00AF      	MOVWF      _minutes
;counter4.c,121 :: 		hh0 = hours % 10;
0x01FB	0x300A      	MOVLW      10
0x01FC	0x00F4      	MOVWF      R4
0x01FD	0x082A      	MOVF       _hours, 0
0x01FE	0x00F0      	MOVWF      R0
0x01FF	0x21A1      	CALL       _Div_8x8_U
0x0200	0x0878      	MOVF       R8, 0
0x0201	0x00F0      	MOVWF      R0
0x0202	0x0870      	MOVF       R0, 0
0x0203	0x00AE      	MOVWF      _hh0
;counter4.c,122 :: 		hh1 = hours / 10;
0x0204	0x300A      	MOVLW      10
0x0205	0x00F4      	MOVWF      R4
0x0206	0x082A      	MOVF       _hours, 0
0x0207	0x00F0      	MOVWF      R0
0x0208	0x21A1      	CALL       _Div_8x8_U
0x0209	0x0870      	MOVF       R0, 0
0x020A	0x00B1      	MOVWF      _hh1
;counter4.c,123 :: 		mm0 = minutes % 10;
0x020B	0x300A      	MOVLW      10
0x020C	0x00F4      	MOVWF      R4
0x020D	0x082F      	MOVF       _minutes, 0
0x020E	0x00F0      	MOVWF      R0
0x020F	0x21A1      	CALL       _Div_8x8_U
0x0210	0x0878      	MOVF       R8, 0
0x0211	0x00F0      	MOVWF      R0
0x0212	0x0870      	MOVF       R0, 0
0x0213	0x00B0      	MOVWF      _mm0
;counter4.c,124 :: 		mm1 = minutes / 10;
0x0214	0x300A      	MOVLW      10
0x0215	0x00F4      	MOVWF      R4
0x0216	0x082F      	MOVF       _minutes, 0
0x0217	0x00F0      	MOVWF      R0
0x0218	0x21A1      	CALL       _Div_8x8_U
0x0219	0x0870      	MOVF       R0, 0
0x021A	0x00AC      	MOVWF      _mm1
;counter4.c,158 :: 		while (1)
L_main28:
0x021B	0x1283      	BCF        STATUS, 5
;counter4.c,160 :: 		if (portc.b1 == 1)
0x021C	0x1C87      	BTFSS      PORTC, 1
0x021D	0x2A7F      	GOTO       L_main30
;counter4.c,162 :: 		button_flag=1;
0x021E	0x3001      	MOVLW      1
0x021F	0x00AB      	MOVWF      _button_flag
;counter4.c,164 :: 		if (--minutes <= 00)
0x0220	0x03AF      	DECF       _minutes, 1
0x0221	0x082F      	MOVF       _minutes, 0
0x0222	0x3C00      	SUBLW      0
0x0223	0x1C03      	BTFSS      STATUS, 0
0x0224	0x2A27      	GOTO       L_main31
;counter4.c,165 :: 		minutes = 59;
0x0225	0x303B      	MOVLW      59
0x0226	0x00AF      	MOVWF      _minutes
L_main31:
;counter4.c,166 :: 		mm0 = minutes % 10;
0x0227	0x300A      	MOVLW      10
0x0228	0x00F4      	MOVWF      R4
0x0229	0x082F      	MOVF       _minutes, 0
0x022A	0x00F0      	MOVWF      R0
0x022B	0x21A1      	CALL       _Div_8x8_U
0x022C	0x0878      	MOVF       R8, 0
0x022D	0x00F0      	MOVWF      R0
0x022E	0x0870      	MOVF       R0, 0
0x022F	0x00B0      	MOVWF      _mm0
;counter4.c,167 :: 		mm1 = minutes / 10;
0x0230	0x300A      	MOVLW      10
0x0231	0x00F4      	MOVWF      R4
0x0232	0x082F      	MOVF       _minutes, 0
0x0233	0x00F0      	MOVWF      R0
0x0234	0x21A1      	CALL       _Div_8x8_U
0x0235	0x0870      	MOVF       R0, 0
0x0236	0x00AC      	MOVWF      _mm1
;counter4.c,168 :: 		for (i=0; i<=25; i++)
0x0237	0x01AD      	CLRF       _i
L_main32:
0x0238	0x082D      	MOVF       _i, 0
0x0239	0x3C19      	SUBLW      25
0x023A	0x1C03      	BTFSS      STATUS, 0
0x023B	0x2A7E      	GOTO       L_main33
;counter4.c,170 :: 		PORTB = get_digit(hh1);        //0
0x023C	0x0831      	MOVF       _hh1, 0
0x023D	0x00B5      	MOVWF      FARG_get_digit__data
0x023E	0x2156      	CALL       _get_digit
0x023F	0x0870      	MOVF       R0, 0
0x0240	0x0086      	MOVWF      PORTB
;counter4.c,171 :: 		PORTA.B0 = 1;        //A0 - common hh1
0x0241	0x1405      	BSF        PORTA, 0
;counter4.c,172 :: 		DELAY_MS(3);
0x0242	0x3004      	MOVLW      4
0x0243	0x00FC      	MOVWF      R12
0x0244	0x30E4      	MOVLW      228
0x0245	0x00FD      	MOVWF      R13
L_main35:
0x0246	0x0BFD      	DECFSZ     R13, 1
0x0247	0x2A46      	GOTO       L_main35
0x0248	0x0BFC      	DECFSZ     R12, 1
0x0249	0x2A46      	GOTO       L_main35
0x024A	0x0000      	NOP
;counter4.c,173 :: 		PORTA.B0 = 0;
0x024B	0x1005      	BCF        PORTA, 0
;counter4.c,174 :: 		PORTB = get_digit(hh0);        //1
0x024C	0x082E      	MOVF       _hh0, 0
0x024D	0x00B5      	MOVWF      FARG_get_digit__data
0x024E	0x2156      	CALL       _get_digit
0x024F	0x0870      	MOVF       R0, 0
0x0250	0x0086      	MOVWF      PORTB
;counter4.c,175 :: 		PORTC.B5 = 1;        //C5 - common hh0
0x0251	0x1687      	BSF        PORTC, 5
;counter4.c,176 :: 		DELAY_MS(3);
0x0252	0x3004      	MOVLW      4
0x0253	0x00FC      	MOVWF      R12
0x0254	0x30E4      	MOVLW      228
0x0255	0x00FD      	MOVWF      R13
L_main36:
0x0256	0x0BFD      	DECFSZ     R13, 1
0x0257	0x2A56      	GOTO       L_main36
0x0258	0x0BFC      	DECFSZ     R12, 1
0x0259	0x2A56      	GOTO       L_main36
0x025A	0x0000      	NOP
;counter4.c,177 :: 		PORTC.B5 = 0;
0x025B	0x1287      	BCF        PORTC, 5
;counter4.c,178 :: 		PORTB = get_digit(mm1);        //2
0x025C	0x082C      	MOVF       _mm1, 0
0x025D	0x00B5      	MOVWF      FARG_get_digit__data
0x025E	0x2156      	CALL       _get_digit
0x025F	0x0870      	MOVF       R0, 0
0x0260	0x0086      	MOVWF      PORTB
;counter4.c,179 :: 		PORTC.B6 = 1;        //C6 - common mm1
0x0261	0x1707      	BSF        PORTC, 6
;counter4.c,180 :: 		DELAY_MS(3);
0x0262	0x3004      	MOVLW      4
0x0263	0x00FC      	MOVWF      R12
0x0264	0x30E4      	MOVLW      228
0x0265	0x00FD      	MOVWF      R13
L_main37:
0x0266	0x0BFD      	DECFSZ     R13, 1
0x0267	0x2A66      	GOTO       L_main37
0x0268	0x0BFC      	DECFSZ     R12, 1
0x0269	0x2A66      	GOTO       L_main37
0x026A	0x0000      	NOP
;counter4.c,181 :: 		PORTC.B6 = 0;
0x026B	0x1307      	BCF        PORTC, 6
;counter4.c,182 :: 		PORTB = get_digit(mm0);        //3
0x026C	0x0830      	MOVF       _mm0, 0
0x026D	0x00B5      	MOVWF      FARG_get_digit__data
0x026E	0x2156      	CALL       _get_digit
0x026F	0x0870      	MOVF       R0, 0
0x0270	0x0086      	MOVWF      PORTB
;counter4.c,183 :: 		PORTC.B7 = 1;        //C7 - common mm0
0x0271	0x1787      	BSF        PORTC, 7
;counter4.c,184 :: 		DELAY_MS(3);
0x0272	0x3004      	MOVLW      4
0x0273	0x00FC      	MOVWF      R12
0x0274	0x30E4      	MOVLW      228
0x0275	0x00FD      	MOVWF      R13
L_main38:
0x0276	0x0BFD      	DECFSZ     R13, 1
0x0277	0x2A76      	GOTO       L_main38
0x0278	0x0BFC      	DECFSZ     R12, 1
0x0279	0x2A76      	GOTO       L_main38
0x027A	0x0000      	NOP
;counter4.c,185 :: 		PORTC.B7 = 0;
0x027B	0x1387      	BCF        PORTC, 7
;counter4.c,168 :: 		for (i=0; i<=25; i++)
0x027C	0x0AAD      	INCF       _i, 1
;counter4.c,186 :: 		}
0x027D	0x2A38      	GOTO       L_main32
L_main33:
;counter4.c,187 :: 		}
0x027E	0x2B84      	GOTO       L_main39
L_main30:
;counter4.c,189 :: 		if (portc.b0 == 1)
0x027F	0x1C07      	BTFSS      PORTC, 0
0x0280	0x2AE2      	GOTO       L_main40
;counter4.c,192 :: 		button_flag=1;
0x0281	0x3001      	MOVLW      1
0x0282	0x00AB      	MOVWF      _button_flag
;counter4.c,194 :: 		if (++hours >= 13)
0x0283	0x0AAA      	INCF       _hours, 1
0x0284	0x300D      	MOVLW      13
0x0285	0x022A      	SUBWF      _hours, 0
0x0286	0x1C03      	BTFSS      STATUS, 0
0x0287	0x2A8A      	GOTO       L_main41
;counter4.c,195 :: 		hours = 1;
0x0288	0x3001      	MOVLW      1
0x0289	0x00AA      	MOVWF      _hours
L_main41:
;counter4.c,196 :: 		hh0 = hours % 10;
0x028A	0x300A      	MOVLW      10
0x028B	0x00F4      	MOVWF      R4
0x028C	0x082A      	MOVF       _hours, 0
0x028D	0x00F0      	MOVWF      R0
0x028E	0x21A1      	CALL       _Div_8x8_U
0x028F	0x0878      	MOVF       R8, 0
0x0290	0x00F0      	MOVWF      R0
0x0291	0x0870      	MOVF       R0, 0
0x0292	0x00AE      	MOVWF      _hh0
;counter4.c,197 :: 		hh1 = hours / 10;
0x0293	0x300A      	MOVLW      10
0x0294	0x00F4      	MOVWF      R4
0x0295	0x082A      	MOVF       _hours, 0
0x0296	0x00F0      	MOVWF      R0
0x0297	0x21A1      	CALL       _Div_8x8_U
0x0298	0x0870      	MOVF       R0, 0
0x0299	0x00B1      	MOVWF      _hh1
;counter4.c,198 :: 		for (i=0; i<=25; i++)
0x029A	0x01AD      	CLRF       _i
L_main42:
0x029B	0x082D      	MOVF       _i, 0
0x029C	0x3C19      	SUBLW      25
0x029D	0x1C03      	BTFSS      STATUS, 0
0x029E	0x2AE1      	GOTO       L_main43
;counter4.c,200 :: 		PORTB = get_digit(hh1);        //0
0x029F	0x0831      	MOVF       _hh1, 0
0x02A0	0x00B5      	MOVWF      FARG_get_digit__data
0x02A1	0x2156      	CALL       _get_digit
0x02A2	0x0870      	MOVF       R0, 0
0x02A3	0x0086      	MOVWF      PORTB
;counter4.c,201 :: 		PORTA.B0 = 1;        //A0 - common hh1
0x02A4	0x1405      	BSF        PORTA, 0
;counter4.c,202 :: 		DELAY_MS(3);
0x02A5	0x3004      	MOVLW      4
0x02A6	0x00FC      	MOVWF      R12
0x02A7	0x30E4      	MOVLW      228
0x02A8	0x00FD      	MOVWF      R13
L_main45:
0x02A9	0x0BFD      	DECFSZ     R13, 1
0x02AA	0x2AA9      	GOTO       L_main45
0x02AB	0x0BFC      	DECFSZ     R12, 1
0x02AC	0x2AA9      	GOTO       L_main45
0x02AD	0x0000      	NOP
;counter4.c,203 :: 		PORTA.B0 = 0;
0x02AE	0x1005      	BCF        PORTA, 0
;counter4.c,204 :: 		PORTB = get_digit(hh0);        //1
0x02AF	0x082E      	MOVF       _hh0, 0
0x02B0	0x00B5      	MOVWF      FARG_get_digit__data
0x02B1	0x2156      	CALL       _get_digit
0x02B2	0x0870      	MOVF       R0, 0
0x02B3	0x0086      	MOVWF      PORTB
;counter4.c,205 :: 		PORTC.B5 = 1;        //C5 - common hh0
0x02B4	0x1687      	BSF        PORTC, 5
;counter4.c,206 :: 		DELAY_MS(3);
0x02B5	0x3004      	MOVLW      4
0x02B6	0x00FC      	MOVWF      R12
0x02B7	0x30E4      	MOVLW      228
0x02B8	0x00FD      	MOVWF      R13
L_main46:
0x02B9	0x0BFD      	DECFSZ     R13, 1
0x02BA	0x2AB9      	GOTO       L_main46
0x02BB	0x0BFC      	DECFSZ     R12, 1
0x02BC	0x2AB9      	GOTO       L_main46
0x02BD	0x0000      	NOP
;counter4.c,207 :: 		PORTC.B5 = 0;
0x02BE	0x1287      	BCF        PORTC, 5
;counter4.c,208 :: 		PORTB = get_digit(mm1);        //2
0x02BF	0x082C      	MOVF       _mm1, 0
0x02C0	0x00B5      	MOVWF      FARG_get_digit__data
0x02C1	0x2156      	CALL       _get_digit
0x02C2	0x0870      	MOVF       R0, 0
0x02C3	0x0086      	MOVWF      PORTB
;counter4.c,209 :: 		PORTC.B6 = 1;        //C6 - common mm1
0x02C4	0x1707      	BSF        PORTC, 6
;counter4.c,210 :: 		DELAY_MS(3);
0x02C5	0x3004      	MOVLW      4
0x02C6	0x00FC      	MOVWF      R12
0x02C7	0x30E4      	MOVLW      228
0x02C8	0x00FD      	MOVWF      R13
L_main47:
0x02C9	0x0BFD      	DECFSZ     R13, 1
0x02CA	0x2AC9      	GOTO       L_main47
0x02CB	0x0BFC      	DECFSZ     R12, 1
0x02CC	0x2AC9      	GOTO       L_main47
0x02CD	0x0000      	NOP
;counter4.c,211 :: 		PORTC.B6 = 0;
0x02CE	0x1307      	BCF        PORTC, 6
;counter4.c,212 :: 		PORTB = get_digit(mm0);        //3
0x02CF	0x0830      	MOVF       _mm0, 0
0x02D0	0x00B5      	MOVWF      FARG_get_digit__data
0x02D1	0x2156      	CALL       _get_digit
0x02D2	0x0870      	MOVF       R0, 0
0x02D3	0x0086      	MOVWF      PORTB
;counter4.c,213 :: 		PORTC.B7 = 1;        //C7 - common mm0
0x02D4	0x1787      	BSF        PORTC, 7
;counter4.c,214 :: 		DELAY_MS(3);
0x02D5	0x3004      	MOVLW      4
0x02D6	0x00FC      	MOVWF      R12
0x02D7	0x30E4      	MOVLW      228
0x02D8	0x00FD      	MOVWF      R13
L_main48:
0x02D9	0x0BFD      	DECFSZ     R13, 1
0x02DA	0x2AD9      	GOTO       L_main48
0x02DB	0x0BFC      	DECFSZ     R12, 1
0x02DC	0x2AD9      	GOTO       L_main48
0x02DD	0x0000      	NOP
;counter4.c,215 :: 		PORTC.B7 = 0;
0x02DE	0x1387      	BCF        PORTC, 7
;counter4.c,198 :: 		for (i=0; i<=25; i++)
0x02DF	0x0AAD      	INCF       _i, 1
;counter4.c,216 :: 		}
0x02E0	0x2A9B      	GOTO       L_main42
L_main43:
;counter4.c,217 :: 		}
0x02E1	0x2B84      	GOTO       L_main49
L_main40:
;counter4.c,220 :: 		if (portc.b2 == 1)
0x02E2	0x1D07      	BTFSS      PORTC, 2
0x02E3	0x2B44      	GOTO       L_main50
;counter4.c,223 :: 		button_flag=1;
0x02E4	0x3001      	MOVLW      1
0x02E5	0x00AB      	MOVWF      _button_flag
;counter4.c,224 :: 		if (++minutes >= 60)
0x02E6	0x0AAF      	INCF       _minutes, 1
0x02E7	0x303C      	MOVLW      60
0x02E8	0x022F      	SUBWF      _minutes, 0
0x02E9	0x1C03      	BTFSS      STATUS, 0
0x02EA	0x2AEC      	GOTO       L_main51
;counter4.c,225 :: 		minutes = 00;
0x02EB	0x01AF      	CLRF       _minutes
L_main51:
;counter4.c,226 :: 		mm0 = minutes % 10;
0x02EC	0x300A      	MOVLW      10
0x02ED	0x00F4      	MOVWF      R4
0x02EE	0x082F      	MOVF       _minutes, 0
0x02EF	0x00F0      	MOVWF      R0
0x02F0	0x21A1      	CALL       _Div_8x8_U
0x02F1	0x0878      	MOVF       R8, 0
0x02F2	0x00F0      	MOVWF      R0
0x02F3	0x0870      	MOVF       R0, 0
0x02F4	0x00B0      	MOVWF      _mm0
;counter4.c,227 :: 		mm1 = minutes / 10;
0x02F5	0x300A      	MOVLW      10
0x02F6	0x00F4      	MOVWF      R4
0x02F7	0x082F      	MOVF       _minutes, 0
0x02F8	0x00F0      	MOVWF      R0
0x02F9	0x21A1      	CALL       _Div_8x8_U
0x02FA	0x0870      	MOVF       R0, 0
0x02FB	0x00AC      	MOVWF      _mm1
;counter4.c,228 :: 		for (i=0; i<=25; i++)
0x02FC	0x01AD      	CLRF       _i
L_main52:
0x02FD	0x082D      	MOVF       _i, 0
0x02FE	0x3C19      	SUBLW      25
0x02FF	0x1C03      	BTFSS      STATUS, 0
0x0300	0x2B43      	GOTO       L_main53
;counter4.c,230 :: 		PORTB = get_digit(hh1);        //0
0x0301	0x0831      	MOVF       _hh1, 0
0x0302	0x00B5      	MOVWF      FARG_get_digit__data
0x0303	0x2156      	CALL       _get_digit
0x0304	0x0870      	MOVF       R0, 0
0x0305	0x0086      	MOVWF      PORTB
;counter4.c,231 :: 		PORTA.B0 = 1;        //A0 - common hh1
0x0306	0x1405      	BSF        PORTA, 0
;counter4.c,232 :: 		DELAY_MS(3);
0x0307	0x3004      	MOVLW      4
0x0308	0x00FC      	MOVWF      R12
0x0309	0x30E4      	MOVLW      228
0x030A	0x00FD      	MOVWF      R13
L_main55:
0x030B	0x0BFD      	DECFSZ     R13, 1
0x030C	0x2B0B      	GOTO       L_main55
0x030D	0x0BFC      	DECFSZ     R12, 1
0x030E	0x2B0B      	GOTO       L_main55
0x030F	0x0000      	NOP
;counter4.c,233 :: 		PORTA.B0 = 0;
0x0310	0x1005      	BCF        PORTA, 0
;counter4.c,234 :: 		PORTB = get_digit(hh0);        //1
0x0311	0x082E      	MOVF       _hh0, 0
0x0312	0x00B5      	MOVWF      FARG_get_digit__data
0x0313	0x2156      	CALL       _get_digit
0x0314	0x0870      	MOVF       R0, 0
0x0315	0x0086      	MOVWF      PORTB
;counter4.c,235 :: 		PORTC.B5 = 1;        //C5 - common hh0
0x0316	0x1687      	BSF        PORTC, 5
;counter4.c,236 :: 		DELAY_MS(3);
0x0317	0x3004      	MOVLW      4
0x0318	0x00FC      	MOVWF      R12
0x0319	0x30E4      	MOVLW      228
0x031A	0x00FD      	MOVWF      R13
L_main56:
0x031B	0x0BFD      	DECFSZ     R13, 1
0x031C	0x2B1B      	GOTO       L_main56
0x031D	0x0BFC      	DECFSZ     R12, 1
0x031E	0x2B1B      	GOTO       L_main56
0x031F	0x0000      	NOP
;counter4.c,237 :: 		PORTC.B5 = 0;
0x0320	0x1287      	BCF        PORTC, 5
;counter4.c,238 :: 		PORTB = get_digit(mm1);        //2
0x0321	0x082C      	MOVF       _mm1, 0
0x0322	0x00B5      	MOVWF      FARG_get_digit__data
0x0323	0x2156      	CALL       _get_digit
0x0324	0x0870      	MOVF       R0, 0
0x0325	0x0086      	MOVWF      PORTB
;counter4.c,239 :: 		PORTC.B6 = 1;        //C6 - common mm1
0x0326	0x1707      	BSF        PORTC, 6
;counter4.c,240 :: 		DELAY_MS(3);
0x0327	0x3004      	MOVLW      4
0x0328	0x00FC      	MOVWF      R12
0x0329	0x30E4      	MOVLW      228
0x032A	0x00FD      	MOVWF      R13
L_main57:
0x032B	0x0BFD      	DECFSZ     R13, 1
0x032C	0x2B2B      	GOTO       L_main57
0x032D	0x0BFC      	DECFSZ     R12, 1
0x032E	0x2B2B      	GOTO       L_main57
0x032F	0x0000      	NOP
;counter4.c,241 :: 		PORTC.B6 = 0;
0x0330	0x1307      	BCF        PORTC, 6
;counter4.c,242 :: 		PORTB = get_digit(mm0);        //3
0x0331	0x0830      	MOVF       _mm0, 0
0x0332	0x00B5      	MOVWF      FARG_get_digit__data
0x0333	0x2156      	CALL       _get_digit
0x0334	0x0870      	MOVF       R0, 0
0x0335	0x0086      	MOVWF      PORTB
;counter4.c,243 :: 		PORTC.B7 = 1;        //C7 - common mm0
0x0336	0x1787      	BSF        PORTC, 7
;counter4.c,244 :: 		DELAY_MS(3);
0x0337	0x3004      	MOVLW      4
0x0338	0x00FC      	MOVWF      R12
0x0339	0x30E4      	MOVLW      228
0x033A	0x00FD      	MOVWF      R13
L_main58:
0x033B	0x0BFD      	DECFSZ     R13, 1
0x033C	0x2B3B      	GOTO       L_main58
0x033D	0x0BFC      	DECFSZ     R12, 1
0x033E	0x2B3B      	GOTO       L_main58
0x033F	0x0000      	NOP
;counter4.c,245 :: 		PORTC.B7 = 0;
0x0340	0x1387      	BCF        PORTC, 7
;counter4.c,228 :: 		for (i=0; i<=25; i++)
0x0341	0x0AAD      	INCF       _i, 1
;counter4.c,246 :: 		}
0x0342	0x2AFD      	GOTO       L_main52
L_main53:
;counter4.c,247 :: 		}
0x0343	0x2B84      	GOTO       L_main59
L_main50:
;counter4.c,253 :: 		PORTB = get_digit(hh1);        //0
0x0344	0x0831      	MOVF       _hh1, 0
0x0345	0x00B5      	MOVWF      FARG_get_digit__data
0x0346	0x2156      	CALL       _get_digit
0x0347	0x0870      	MOVF       R0, 0
0x0348	0x0086      	MOVWF      PORTB
;counter4.c,254 :: 		PORTA.B0 = 1;        //A0 - common hh1
0x0349	0x1405      	BSF        PORTA, 0
;counter4.c,255 :: 		DELAY_MS(3);
0x034A	0x3004      	MOVLW      4
0x034B	0x00FC      	MOVWF      R12
0x034C	0x30E4      	MOVLW      228
0x034D	0x00FD      	MOVWF      R13
L_main60:
0x034E	0x0BFD      	DECFSZ     R13, 1
0x034F	0x2B4E      	GOTO       L_main60
0x0350	0x0BFC      	DECFSZ     R12, 1
0x0351	0x2B4E      	GOTO       L_main60
0x0352	0x0000      	NOP
;counter4.c,256 :: 		PORTA.B0 = 0;
0x0353	0x1005      	BCF        PORTA, 0
;counter4.c,257 :: 		PORTB = get_digit(hh0);        //1
0x0354	0x082E      	MOVF       _hh0, 0
0x0355	0x00B5      	MOVWF      FARG_get_digit__data
0x0356	0x2156      	CALL       _get_digit
0x0357	0x0870      	MOVF       R0, 0
0x0358	0x0086      	MOVWF      PORTB
;counter4.c,258 :: 		PORTC.B5 = 1;        //C5 - common hh0
0x0359	0x1687      	BSF        PORTC, 5
;counter4.c,259 :: 		DELAY_MS(3);
0x035A	0x3004      	MOVLW      4
0x035B	0x00FC      	MOVWF      R12
0x035C	0x30E4      	MOVLW      228
0x035D	0x00FD      	MOVWF      R13
L_main61:
0x035E	0x0BFD      	DECFSZ     R13, 1
0x035F	0x2B5E      	GOTO       L_main61
0x0360	0x0BFC      	DECFSZ     R12, 1
0x0361	0x2B5E      	GOTO       L_main61
0x0362	0x0000      	NOP
;counter4.c,260 :: 		PORTC.B5 = 0;
0x0363	0x1287      	BCF        PORTC, 5
;counter4.c,261 :: 		PORTB = get_digit(mm1);        //2
0x0364	0x082C      	MOVF       _mm1, 0
0x0365	0x00B5      	MOVWF      FARG_get_digit__data
0x0366	0x2156      	CALL       _get_digit
0x0367	0x0870      	MOVF       R0, 0
0x0368	0x0086      	MOVWF      PORTB
;counter4.c,262 :: 		PORTC.B6 = 1;        //C6 - common mm1
0x0369	0x1707      	BSF        PORTC, 6
;counter4.c,263 :: 		DELAY_MS(3);
0x036A	0x3004      	MOVLW      4
0x036B	0x00FC      	MOVWF      R12
0x036C	0x30E4      	MOVLW      228
0x036D	0x00FD      	MOVWF      R13
L_main62:
0x036E	0x0BFD      	DECFSZ     R13, 1
0x036F	0x2B6E      	GOTO       L_main62
0x0370	0x0BFC      	DECFSZ     R12, 1
0x0371	0x2B6E      	GOTO       L_main62
0x0372	0x0000      	NOP
;counter4.c,264 :: 		PORTC.B6 = 0;
0x0373	0x1307      	BCF        PORTC, 6
;counter4.c,265 :: 		PORTB = get_digit(mm0);        //3
0x0374	0x0830      	MOVF       _mm0, 0
0x0375	0x00B5      	MOVWF      FARG_get_digit__data
0x0376	0x2156      	CALL       _get_digit
0x0377	0x0870      	MOVF       R0, 0
0x0378	0x0086      	MOVWF      PORTB
;counter4.c,266 :: 		PORTC.B7 = 1;        //C7 - common mm0
0x0379	0x1787      	BSF        PORTC, 7
;counter4.c,267 :: 		DELAY_MS(3);
0x037A	0x3004      	MOVLW      4
0x037B	0x00FC      	MOVWF      R12
0x037C	0x30E4      	MOVLW      228
0x037D	0x00FD      	MOVWF      R13
L_main63:
0x037E	0x0BFD      	DECFSZ     R13, 1
0x037F	0x2B7E      	GOTO       L_main63
0x0380	0x0BFC      	DECFSZ     R12, 1
0x0381	0x2B7E      	GOTO       L_main63
0x0382	0x0000      	NOP
;counter4.c,268 :: 		PORTC.B7 = 0;
0x0383	0x1387      	BCF        PORTC, 7
;counter4.c,269 :: 		}
L_main59:
L_main49:
L_main39:
;counter4.c,270 :: 		if (button_flag==1 && portc.b2 == 0 && portc.b0 == 0 && portc.b1 == 0)
0x0384	0x082B      	MOVF       _button_flag, 0
0x0385	0x3A01      	XORLW      1
0x0386	0x1D03      	BTFSS      STATUS, 2
0x0387	0x2B9A      	GOTO       L_main66
0x0388	0x1907      	BTFSC      PORTC, 2
0x0389	0x2B9A      	GOTO       L_main66
0x038A	0x1807      	BTFSC      PORTC, 0
0x038B	0x2B9A      	GOTO       L_main66
0x038C	0x1887      	BTFSC      PORTC, 1
0x038D	0x2B9A      	GOTO       L_main66
L__main67:
;counter4.c,272 :: 		button_flag=0;
0x038E	0x01AB      	CLRF       _button_flag
;counter4.c,273 :: 		EEPROM_24C512_WrSingle(10, hours);
0x038F	0x300A      	MOVLW      10
0x0390	0x00B5      	MOVWF      FARG_EEPROM_24C512_WrSingle_wAddr
0x0391	0x082A      	MOVF       _hours, 0
0x0392	0x00B6      	MOVWF      FARG_EEPROM_24C512_WrSingle_wData
0x0393	0x211A      	CALL       _EEPROM_24C512_WrSingle
;counter4.c,274 :: 		EEPROM_24C512_WrSingle(2, minutes);
0x0394	0x3002      	MOVLW      2
0x0395	0x1283      	BCF        STATUS, 5
0x0396	0x00B5      	MOVWF      FARG_EEPROM_24C512_WrSingle_wAddr
0x0397	0x082F      	MOVF       _minutes, 0
0x0398	0x00B6      	MOVWF      FARG_EEPROM_24C512_WrSingle_wData
0x0399	0x211A      	CALL       _EEPROM_24C512_WrSingle
;counter4.c,276 :: 		}
L_main66:
;counter4.c,278 :: 		}
0x039A	0x2A1B      	GOTO       L_main28
;counter4.c,279 :: 		}//main()
L_end_main:
0x039B	0x2B9B      	GOTO       $+0
; end of _main
Symbol List:
//** Routines locations **
//ADDRESS    SIZE    PROCEDURE
//----------------------------------------------
0x0003       [2]    _Delay_1us
0x0005      [11]    __Lib_SoftI2C_PutZerosToLATSda
0x0010      [11]    __Lib_SoftI2C_PutZerosToLATScl
0x001B     [110]    _Soft_I2C_Write
0x0089      [81]    _Soft_I2C_Read
0x00DA       [7]    _____DoICP
0x00E1      [17]    _Soft_I2C_Start
0x00F2      [13]    _Soft_I2C_Init
0x00FF      [27]    _Soft_I2C_Stop
0x011A      [30]    _EEPROM_24C512_WrSingle
0x0138      [30]    _EEPROM_24C512_RdSingle
0x0156      [73]    _get_digit
0x019F       [2]    _EEPRom_init
0x01A1      [17]    _Div_8x8_U
0x01B2      [12]    ___CC2DW
0x01BE     [478]    _main
//** Variables locations ** 
//ADDRESS    SIZE    VARIABLE
//----------------------------------------------
0x0000       [1]    INDF
0x0002       [1]    PCL
0x0003       [1]    STATUS
0x0004       [1]    FSR
0x0005       [1]    PORTA
0x0006       [1]    PORTB
0x0007       [0]    RC4_bit
0x0007       [0]    RC3_bit
0x0007       [1]    PORTC
0x0007       [0]    Soft_I2C_Scl
0x0007       [0]    Soft_I2C_Sda
0x000A       [1]    PCLATH
0x0020      [10]    _display
0x002A       [1]    _hours
0x002B       [1]    _button_flag
0x002C       [1]    _mm1
0x002D       [1]    _i
0x002E       [1]    _hh0
0x002F       [1]    _minutes
0x0030       [1]    _mm0
0x0031       [1]    _hh1
0x0032       [2]    ___DoICPAddr
0x0034       [0]    __Lib_SoftI2C___StopWaiting
0x0035       [1]    FARG_get_digit__data
0x0035       [1]    FARG_EEPROM_24C512_WrSingle_wAddr
0x0035       [1]    FARG_EEPROM_24C512_RdSingle_rAddr
0x0036       [1]    EEPROM_24C512_RdSingle_reslt_L0
0x0036       [1]    FARG_EEPROM_24C512_WrSingle_wData
0x0037       [1]    FARG_Soft_I2C_Write_data_
0x0037       [2]    FARG_Soft_I2C_Read_ack
0x0038       [2]    Soft_I2C_Write_temp_L0
0x0039       [2]    Soft_I2C_Read_result_L0
0x003A       [2]    Soft_I2C_Write_result_L0
0x003B       [2]    Soft_I2C_Read_temp_L0
0x0070       [1]    R0
0x0071       [1]    R1
0x0072       [1]    R2
0x0073       [1]    R3
0x0074       [1]    R4
0x0075       [1]    R5
0x0076       [1]    R6
0x0077       [1]    R7
0x0078       [1]    R8
0x0079       [1]    R9
0x007A       [1]    R10
0x007B       [1]    R11
0x007C       [1]    R12
0x007D       [1]    R13
0x007E       [1]    R14
0x007F       [1]    R15
0x0085       [1]    TRISA
0x0086       [1]    TRISB
0x0087       [0]    TRISC3_bit
0x0087       [0]    TRISC4_bit
0x0087       [1]    TRISC
0x0087       [0]    Soft_I2C_Sda_Direction
0x0087       [0]    Soft_I2C_Scl_Direction
//** Label List: ** 
//----------------------------------------------
  L_get_digit0
  L_get_digit1
  L_get_digit2
  L_get_digit3
  L_get_digit4
  L_get_digit5
  L_get_digit6
  L_get_digit7
  L_get_digit8
  L_get_digit9
  L_get_digit10
  L_get_digit11
  L_get_digit12
  L_get_digit13
  L_get_digit14
  L_get_digit15
  L_get_digit16
  L_get_digit17
  L_get_digit18
  L_EEPROM_24C512_WrSingle19
  L_EEPROM_24C512_WrSingle20
  L_EEPROM_24C512_WrSingle21
  L_EEPROM_24C512_WrSingle22
  L_EEPROM_24C512_WrSingle23
  L_EEPROM_24C512_WrSingle24
  L_EEPROM_24C512_RdSingle25
  L_EEPROM_24C512_RdSingle26
  L_main27
  L_main28
  L_main29
  L_main30
  L_main31
  L_main32
  L_main33
  L_main34
  L_main35
  L_main36
  L_main37
  L_main38
  L_main39
  L_main40
  L_main41
  L_main42
  L_main43
  L_main44
  L_main45
  L_main46
  L_main47
  L_main48
  L_main49
  L_main50
  L_main51
  L_main52
  L_main53
  L_main54
  L_main55
  L_main56
  L_main57
  L_main58
  L_main59
  L_main60
  L_main61
  L_main62
  L_main63
  L_main64
  L_main65
  L_main66
  L__main67
  L_end_get_digit
  _get_digit
  L_end_EEPRom_init
  _EEPRom_init
  L_end_EEPROM_24C512_WrSingle
  _EEPROM_24C512_WrSingle
  L_end_EEPROM_24C512_RdSingle
  _EEPROM_24C512_RdSingle
  L_end_main
  _main
  L_Delay_10us0
  L_Delay_22us1
  L_Delay_50us2
  L_Delay_80us3
  L_Delay_500us4
  L_Delay_5500us5
  L_Delay_1ms6
  L_Delay_5ms7
  L_Delay_8ms8
  L_Delay_10ms9
  L_Delay_100ms10
  L_Delay_1sec11
  L_boot16_Delay_5ms12
  L_Delay_Cyc13
  L_Delay_Cyc14
  L_VDelay_ms15
  L_VDelay_ms16
  L_VDelay_ms17
  L_VDelay_Advanced_ms18
  L_VDelay_Advanced_ms19
  L_VDelay_Advanced_ms20
  L_end_Get_Fosc_kHz
  _Get_Fosc_kHz
  L_end_Delay_1us
  _Delay_1us
  L_end_Delay_10us
  _Delay_10us
  L_end_Delay_22us
  _Delay_22us
  L_end_Delay_50us
  _Delay_50us
  L_end_Delay_80us
  _Delay_80us
  L_end_Delay_500us
  _Delay_500us
  L_end_Delay_5500us
  _Delay_5500us
  L_end_Delay_1ms
  _Delay_1ms
  L_end_Delay_5ms
  _Delay_5ms
  L_end_Delay_8ms
  _Delay_8ms
  L_end_Delay_10ms
  _Delay_10ms
  L_end_Delay_100ms
  _Delay_100ms
  L_end_Delay_1sec
  _Delay_1sec
  L_end_boot16_Delay_5ms
  _boot16_Delay_5ms
  L_end_Delay_Cyc
  _Delay_Cyc
  L_end_VDelay_ms
  _VDelay_ms
  L__VDelay_ms38
  L__VDelay_ms39
  L__VDelay_ms40
  L_end_VDelay_Advanced_ms
  _VDelay_Advanced_ms
  L__VDelay_Advanced_ms42
  L__VDelay_Advanced_ms43
  L__VDelay_Advanced_ms44
  L_Div_16x16_S0
  L_Div_16x16_S1
  LOOPS3232A
  SADD22LA
  SOK22LA
  SADD22L8
  SOK22L8
  LOOPS3232B
  SADD22LB
  SOK22LB
  SADD22L16
  SOK22L16
  LOOPS3232C
  SADD22LC
  SOK22LC
  SADD22L24
  SOK22L24
  LOOPS3232D
  SADD22LD
  SOK22LD
  SOK22L
  L_Div_32x32_S6
  L_Div_32x32_S7
  L_Div_32x32_S8
  L_Div_32x32_S9
  FXD3232S
  END_ALL
  CA3232S
  C3232SX
  C3232SX1
  C3232S
  C3232S2
  C3232SX4
  C3232SOK
  C3232SX3
  C3232SX2
  avoid_comfrem
  LOOPU3232A
  UADD22LA
  UOK22LA
  UADD22L8
  UOK22L8
  LOOPU3232B
  UADD22LB
  UOK22LB
  UADD22L16
  UOK22L16
  LOOPU3232C
  UADD22LC
  UOK22LC
  UADD22L24
  UOK22L24
  LOOPU3232D
  UADD22LD
  UOK22LD
  UOK22L
  _NEXT
  _EXIT2
  _LOOP
  _EXIT1
  _IF_FIRST
  _IF_SECOND
  _INVERCE_FIRST
  _MULT
  _INBERSE_SECOND
  _EXIT
  L_end_Mul_8x8_U
  _Mul_8x8_U
  L_end_Mul_16x16_U
  _Mul_16x16_U
  L_end_Div_8x8_U
  _Div_8x8_U
  L_end_Div_16x16_U
  _Div_16x16_U
  L_end_Mul_8x8_S
  _Mul_8x8_S
  L_end_Mul_16x16_S
  _Mul_16x16_S
  L_end_Div_16x16_S_L
  _Div_16x16_S_L
  L_end_Div_16x16_S
  _Div_16x16_S
  L_end_Div_8x8_S
  _Div_8x8_S
  L_end_SDIV3232L
  _SDIV3232L
  L_end_COMFREM
  _COMFREM
  L_end_Div_32x32_S
  _Div_32x32_S
  L_end_Div_32x32_U
  _Div_32x32_U
  L_end_Mul_32x32_U
  _Mul_32x32_U
  L_end_Mul_32x32_S
  _Mul_32x32_S
  L_Soft_I2C_Init0
  L_Soft_I2C_Init1
  L_Soft_I2C_Init2
  L_Soft_I2C_Read3
  L_Soft_I2C_Read4
  L_Soft_I2C_Read5
  L_Soft_I2C_Read6
  L_Soft_I2C_Read7
  L_Soft_I2C_Read8
  L_Soft_I2C_Read9
  L_Soft_I2C_Read10
  L_Soft_I2C_Read11
  L_Soft_I2C_Read12
  L_Soft_I2C_Stop13
  L_Soft_I2C_Stop14
  L_Soft_I2C_Stop15
  L_Soft_I2C_Write16
  L_Soft_I2C_Write17
  L_Soft_I2C_Write18
  L_Soft_I2C_Write19
  L_Soft_I2C_Write20
  L_Soft_I2C_Write21
  L_Soft_I2C_Write22
  L_Soft_I2C_Write23
  L_Soft_I2C_Write24
  L_Soft_I2C_Write25
  L_Soft_I2C_Write26
  L_end_PutZerosToLATSda
  __Lib_SoftI2C_PutZerosToLATSda
  L_end_PutZerosToLATScl
  __Lib_SoftI2C_PutZerosToLATScl
  L_end_Soft_I2C_Break
  _Soft_I2C_Break
  L_end_Soft_I2C_Init
  _Soft_I2C_Init
  L_end_Soft_I2C_Read
  _Soft_I2C_Read
  L_end_Soft_I2C_Start
  _Soft_I2C_Start
  L_end_Soft_I2C_Stop
  _Soft_I2C_Stop
  L_end_Soft_I2C_Write
  _Soft_I2C_Write
  L_loopCA2AWs
  L_CA2AWend
  _CCA2AW_Loop1
  L_loopCS2Ss
  L_CS2Send
  _CCS2S_Loop1
  L_CCS2Send
  L_loopFZinSWs
  L_FZinSend
  _CC2D_Loop1
  L_end_____DoICP
  _____DoICP
  L_end_____DoIFC
  _____DoIFC
  L_end___CA2AW
  ___CA2AW
  L_end___CCA2AW
  ___CCA2AW
  L_end___CS2S
  ___CS2S
  L_end___CCS2S
  ___CCS2S
  L_end___FZinS
  ___FZinS
  L_end___CC2DW
  ___CC2DW
  L_end_Swap
  _Swap
